time="2021-05-16T20:09:29+03:00" level=fatal msg="mysqlPassword is not written in credentials.sh file"
time="2021-05-16T20:09:37+03:00" level=fatal msg="mysqlPassword is not written in credentials.sh file"
time="2021-05-16T20:09:49+03:00" level=fatal msg="mysqlPassword is not written in credentials.sh file"
time="2021-05-16T20:09:52+03:00" level=fatal msg="mysqlPassword is not written in credentials.sh file"
time="2021-05-16T20:13:26+03:00" level=fatal msg="Error 1064: You have an error in your SQL syntax; check the manual that corresponds to your MySQL server version for the right syntax to use near 'EIXSTS videos (userid VARCHAR(200), video LONGBLOB, extension VARCHAR(10), size ' at line 1"
time="2021-05-18T19:24:02+03:00" level=fatal msg="sql: no rows in result set"
time="2021-05-18T19:28:42+03:00" level=fatal msg="sql: no rows in result set"
time="2021-05-18T19:37:24+03:00" level=fatal msg="sql: no rows in result set"
time="2021-05-18T20:38:37+03:00" level=fatal msg="rpc error: code = Unimplemented desc = unknown service main.Tag"
time="2021-05-18T22:45:56+03:00" level=fatal msg="redisAddr is not written in credentials.sh file"
time="2021-05-18T22:47:50+03:00" level=fatal msg="redisAddr is not written in credentials.sh file"
time="2021-05-18T23:48:39+03:00" level=fatal msg="rpc error: code = Unavailable desc = transport is closing"
time="2021-05-18T23:49:23+03:00" level=fatal msg="rpc error: code = Unimplemented desc = unknown service main.Tag"
time="2021-05-18T23:51:44+03:00" level=fatal msg="rpc error: code = Unimplemented desc = unknown service main.Tag"
time="2021-05-18T23:53:00+03:00" level=fatal msg="rpc error: code = Unimplemented desc = unknown service main.Tag"
time="2021-05-19T19:32:05+03:00" level=fatal msg="Error 1064: You have an error in your SQL syntax; check the manual that corresponds to your MySQL server version for the right syntax to use near 'WHERE album like \"%?,%\" OR album like \"%,?%\" OR album like \"%,?,%\"' at line 1"
time="2021-05-19T19:34:47+03:00" level=fatal msg="sql: expected 2 arguments, got 5"
time="2021-05-19T19:35:31+03:00" level=fatal msg="sql: expected 2 arguments, got 5"
time="2021-05-19T19:36:48+03:00" level=fatal msg="sql: expected 2 arguments, got 5"
time="2021-05-19T19:37:34+03:00" level=fatal msg="sql: expected 2 arguments, got 5"
time="2021-05-19T19:43:22+03:00" level=fatal msg="Error 1064: You have an error in your SQL syntax; check the manual that corresponds to your MySQL server version for the right syntax to use near '%?,% OR album like %,?% OR album like %,?,%)' at line 1"
time="2021-05-19T20:13:52+03:00" level=fatal msg="rpc error: code = Internal desc = transport: transport: the stream is done or WriteHeader was already called"
time="2021-05-19T20:16:35+03:00" level=fatal msg="rpc error: code = Unimplemented desc = unknown service main.Tag"
time="2021-05-19T20:21:17+03:00" level=fatal msg="rpc error: code = Unimplemented desc = unknown service main.Tag"
time="2021-05-19T23:22:06+03:00" level=fatal msg="rpc error: code = Unavailable desc = transport is closing"
time="2021-05-19T23:22:06+03:00" level=fatal msg="rpc error: code = Unavailable desc = transport is closing"
time="2021-05-19T23:23:13+03:00" level=fatal msg="rpc error: code = Unavailable desc = transport is closing"
time="2021-05-19T23:47:48+03:00" level=fatal msg="rpc error: code = Unavailable desc = transport is closing"
time="2021-05-19T23:47:48+03:00" level=fatal msg="rpc error: code = Unavailable desc = transport is closing"
time="2021-05-20T00:07:32+03:00" level=fatal msg="rpc error: code = Unavailable desc = transport is closing"
time="2021-05-20T00:07:32+03:00" level=fatal msg="rpc error: code = Unavailable desc = transport is closing"
time="2021-05-20T00:07:32+03:00" level=fatal msg="rpc error: code = Unavailable desc = transport is closing"
time="2021-05-20T07:17:38+03:00" level=fatal msg="sql: Scan error on column index 0, name \"album\": converting NULL to string is unsupported"
