time="2021-05-27T16:20:57+03:00" level=info command=GetUserAvatar
time="2021-05-27T18:42:00+03:00" level=info command=GetUserAvatar
time="2021-05-27T18:44:24+03:00" level=info command=GetUserAvatar
time="2021-05-27T18:45:59+03:00" level=info command=GetUserAvatar
time="2021-05-27T18:48:32+03:00" level=info command=GetUserAvatar
time="2021-05-27T18:50:32+03:00" level=info command=GetUserAvatar
time="2021-05-27T18:53:11+03:00" level=info command=GetUserAvatar
time="2021-05-27T18:54:21+03:00" level=info command=GetUserAvatar
time="2021-05-27T18:58:10+03:00" level=info command=GetUserAvatar
time="2021-05-27T18:59:18+03:00" level=info command=GetUserAvatar
time="2021-05-27T19:07:17+03:00" level=info command=GetUserAvatar
time="2021-05-27T19:09:02+03:00" level=info command=GetUserAvatar
time="2021-05-27T19:20:00+03:00" level=info command=GetUserAvatar
time="2021-05-27T19:27:47+03:00" level=info command=GetUserAvatar
time="2021-05-27T19:36:00+03:00" level=info command=GetUserAvatar
time="2021-05-27T19:37:32+03:00" level=info command=GetUserAvatar
time="2021-05-27T19:52:49+03:00" level=info command=GetUserAvatar
time="2021-05-27T19:53:54+03:00" level=info command=GetUserAvatar
time="2021-05-27T19:54:34+03:00" level=info command=GetUserAvatar
time="2021-05-28T07:44:57+03:00" level=info command=GetUserinfo
time="2021-05-28T07:45:19+03:00" level=info command=GetUserinfo
time="2021-05-28T08:00:13+03:00" level=info command=GetUserinfo
time="2021-05-28T08:51:31+03:00" level=info command=GetUserinfo
time="2021-05-28T08:54:12+03:00" level=info command=GetUserinfo
time="2021-05-28T08:58:49+03:00" level=info command=GetUserinfo
time="2021-05-28T09:01:51+03:00" level=info command=GetUserinfo
time="2021-05-28T09:02:14+03:00" level=info command=GetUserinfo
time="2021-05-28T09:04:28+03:00" level=info command=GetUserinfo
time="2021-05-28T09:04:56+03:00" level=info command=GetUserinfo
time="2021-05-28T09:05:48+03:00" level=info command=GetUserinfo
time="2021-05-28T09:06:12+03:00" level=info command=GetUserinfo
time="2021-05-28T09:11:05+03:00" level=info command=GetUserinfo
time="2021-05-28T09:11:18+03:00" level=info command=GetUserinfo
time="2021-05-28T09:25:33+03:00" level=info command=GetUserinfo
time="2021-05-28T09:25:55+03:00" level=info command=SetUserAvatar
time="2021-05-28T09:25:55+03:00" level=info command=GetUserAvatar
time="2021-05-28T09:29:24+03:00" level=info command=SetUserAvatar
time="2021-05-28T09:29:24+03:00" level=info command=GetUserAvatar
time="2021-05-28T09:30:05+03:00" level=info command=SetUserAvatar
time="2021-05-28T09:30:05+03:00" level=info command=GetUserAvatar
time="2021-05-28T09:30:32+03:00" level=info command=SetUserAvatar
time="2021-05-28T09:30:33+03:00" level=info command=GetUserAvatar
time="2021-05-28T09:31:13+03:00" level=info command=SetUserAvatar
time="2021-05-28T09:31:13+03:00" level=info command=GetUserAvatar
time="2021-05-28T09:31:26+03:00" level=info command=SetUserAvatar
time="2021-05-28T09:31:26+03:00" level=info command=GetUserAvatar
time="2021-05-28T09:33:19+03:00" level=info command=SetUserAvatar
time="2021-05-28T09:33:19+03:00" level=info command=GetUserAvatar
time="2021-05-28T09:34:13+03:00" level=info command=SetUserAvatar
time="2021-05-28T09:34:13+03:00" level=info command=GetUserAvatar
time="2021-05-28T09:43:40+03:00" level=info command=SetUserAvatar
time="2021-05-28T09:43:40+03:00" level=info command=GetUserAvatar
time="2021-05-28T09:43:53+03:00" level=info command=SetUserAvatar
time="2021-05-28T09:43:53+03:00" level=info command=GetUserAvatar
time="2021-05-28T09:44:17+03:00" level=info command=SetUserAvatar
time="2021-05-28T09:44:17+03:00" level=info command=GetUserAvatar
time="2021-05-28T09:44:31+03:00" level=info command=SetUserAvatar
time="2021-05-28T09:44:31+03:00" level=info command=GetUserAvatar
time="2021-05-28T09:45:02+03:00" level=info command=SetUserAvatar
time="2021-05-28T09:45:02+03:00" level=info command=GetUserAvatar
time="2021-05-28T10:08:36+03:00" level=info command=SetUserAvatar
time="2021-05-28T10:08:36+03:00" level=info command=GetUserAvatar
time="2021-05-28T10:10:24+03:00" level=info command=SetUserAvatar
time="2021-05-28T10:10:24+03:00" level=info command=GetUserAvatar
time="2021-05-28T10:24:16+03:00" level=info command=DeleteAccount
time="2021-05-28T10:24:54+03:00" level=info command=DeleteAccount
time="2021-05-28T10:24:59+03:00" level=info command=GetUserinfo
time="2021-05-28T10:24:59+03:00" level=info command=DeleteAccount
time="2021-05-28T11:03:17+03:00" level=info command=UploadPhoto
time="2021-05-28T11:03:17+03:00" level=info command=GetPhotos
time="2021-05-28T11:04:45+03:00" level=info command=UploadPhoto
time="2021-05-28T11:04:45+03:00" level=info command=GetPhotos
time="2021-05-28T11:06:38+03:00" level=info command=UploadPhoto
time="2021-05-28T11:06:38+03:00" level=info command=GetPhotos
time="2021-05-28T11:08:25+03:00" level=info command=UploadPhoto
time="2021-05-28T11:08:25+03:00" level=info command=GetPhotos
time="2021-05-28T11:08:54+03:00" level=info command=UploadPhoto
time="2021-05-28T11:08:54+03:00" level=info command=GetPhotos
time="2021-05-28T11:12:59+03:00" level=info command=UploadPhoto
time="2021-05-28T11:12:59+03:00" level=info command=GetPhotos
time="2021-05-28T11:12:59+03:00" level=fatal msg="sql: no rows in result set" query=GetUserID
time="2021-05-28T11:13:09+03:00" level=info command=UploadPhoto
time="2021-05-28T11:13:09+03:00" level=info command=GetPhotos
time="2021-05-28T11:14:31+03:00" level=info command=UploadPhoto
time="2021-05-28T11:14:31+03:00" level=info command=GetPhotos
time="2021-05-28T11:16:40+03:00" level=info command=UploadPhoto
time="2021-05-28T11:16:40+03:00" level=info command=GetPhotos
time="2021-05-28T11:20:21+03:00" level=info command=UploadPhoto
time="2021-05-28T11:20:21+03:00" level=info command=GetPhotos
time="2021-05-28T11:24:32+03:00" level=info command=UploadPhoto
time="2021-05-28T11:24:32+03:00" level=info command=GetPhotos
time="2021-05-28T11:28:13+03:00" level=info command=UploadPhoto
time="2021-05-28T11:28:13+03:00" level=info command=GetPhotos
time="2021-05-28T11:28:57+03:00" level=info command=UploadPhoto
time="2021-05-28T11:28:57+03:00" level=info command=GetPhotos
time="2021-05-28T11:50:27+03:00" level=info command=UploadPhoto
time="2021-05-28T11:50:27+03:00" level=info command=GetPhotos
time="2021-05-28T11:51:25+03:00" level=info command=UploadPhoto
time="2021-05-28T11:51:25+03:00" level=info command=GetPhotos
time="2021-05-28T11:52:41+03:00" level=info command=UploadPhoto
time="2021-05-28T11:52:41+03:00" level=info command=GetPhotos
time="2021-05-28T11:53:04+03:00" level=info command=UploadPhoto
time="2021-05-28T11:53:04+03:00" level=info command=GetPhotos
time="2021-05-28T11:53:04+03:00" level=info command=DeleteAccount
time="2021-05-28T11:53:06+03:00" level=info command=UploadPhoto
time="2021-05-28T11:53:06+03:00" level=info command=GetPhotos
time="2021-05-28T11:53:09+03:00" level=info command=UploadPhoto
time="2021-05-28T11:53:09+03:00" level=info command=GetPhotos
time="2021-05-28T11:53:18+03:00" level=info command=UploadPhoto
time="2021-05-28T11:53:18+03:00" level=info command=GetPhotos
time="2021-05-28T11:53:41+03:00" level=info command=UploadPhoto
time="2021-05-28T11:53:42+03:00" level=info command=GetPhotos
time="2021-05-28T11:53:42+03:00" level=info command=DeleteAccount
time="2021-05-28T11:53:45+03:00" level=info command=UploadPhoto
time="2021-05-28T11:53:45+03:00" level=info command=GetPhotos
time="2021-05-28T11:54:38+03:00" level=info command=UploadPhoto
time="2021-05-28T11:54:42+03:00" level=info command=GetPhotos
time="2021-05-28T11:54:42+03:00" level=info command=DeleteAccount
time="2021-05-28T11:54:45+03:00" level=info command=UploadPhoto
time="2021-05-28T11:54:49+03:00" level=info command=GetPhotos
time="2021-05-28T11:54:49+03:00" level=info command=DeleteAccount
time="2021-05-28T11:59:11+03:00" level=info command=UploadVideo
time="2021-05-28T11:59:15+03:00" level=info command=DeleteAccount
time="2021-05-28T12:00:10+03:00" level=info command=UploadVideo
time="2021-05-28T12:00:14+03:00" level=info command=DeleteAccount
time="2021-05-28T12:07:57+03:00" level=info command=UploadPhoto
time="2021-05-28T12:08:01+03:00" level=info command=GetPhotos
time="2021-05-28T12:08:03+03:00" level=info command=GetFullPhotoByThumbnail
time="2021-05-28T12:26:30+03:00" level=info command=UploadPhoto
time="2021-05-28T12:26:34+03:00" level=info command=GetPhotos
time="2021-05-28T12:26:34+03:00" level=info command=DeleteAccount
time="2021-05-28T12:27:36+03:00" level=info command=UploadPhoto
time="2021-05-28T12:27:40+03:00" level=info command=GetPhotos
time="2021-05-28T12:27:40+03:00" level=info command=DeleteAccount
time="2021-05-28T12:27:53+03:00" level=info command=UploadPhoto
time="2021-05-28T12:27:57+03:00" level=info command=GetPhotos
time="2021-05-28T12:27:57+03:00" level=info command=DeleteAccount
time="2021-05-28T12:28:45+03:00" level=info command=UploadPhoto
time="2021-05-28T12:28:50+03:00" level=info command=GetPhotos
time="2021-05-28T12:28:50+03:00" level=info command=DeleteAccount
time="2021-05-28T12:29:12+03:00" level=info command=UploadPhoto
time="2021-05-28T12:29:27+03:00" level=info command=UploadPhoto
time="2021-05-28T12:29:31+03:00" level=info command=GetPhotos
time="2021-05-28T12:29:33+03:00" level=info command=GetFullPhotoByThumbnail
time="2021-05-28T12:29:33+03:00" level=info command=DeleteAccount
time="2021-05-28T16:39:06+03:00" level=info command=CreateAlbum
time="2021-05-28T16:39:08+03:00" level=info command=GetAlbums
time="2021-05-28T16:39:10+03:00" level=info command=UploadPhotoToAlbum
time="2021-05-28T16:39:10+03:00" level=info command=GetAlbums
time="2021-05-28T16:39:12+03:00" level=info command=DeleteAccount
time="2021-05-28T16:39:33+03:00" level=info command=CreateAlbum
time="2021-05-28T16:39:34+03:00" level=info command=GetAlbums
time="2021-05-28T16:39:36+03:00" level=info command=UploadPhotoToAlbum
time="2021-05-28T16:39:36+03:00" level=info command=GetAlbums
time="2021-05-28T16:39:38+03:00" level=info command=DeleteAccount
time="2021-05-28T16:40:47+03:00" level=info command=CreateAlbum
time="2021-05-28T16:40:48+03:00" level=info command=GetAlbums
time="2021-05-28T16:40:50+03:00" level=info command=UploadPhotoToAlbum
time="2021-05-28T16:40:51+03:00" level=info command=GetAlbums
time="2021-05-28T16:40:53+03:00" level=info command=DeleteAccount
time="2021-05-28T16:41:16+03:00" level=info command=CreateAlbum
time="2021-05-28T16:41:17+03:00" level=info command=GetAlbums
time="2021-05-28T16:41:19+03:00" level=info command=UploadPhotoToAlbum
time="2021-05-28T16:41:19+03:00" level=info command=GetAlbums
time="2021-05-28T16:41:21+03:00" level=info command=DeleteAccount
time="2021-05-28T16:42:09+03:00" level=info command=CreateAlbum
time="2021-05-28T16:42:10+03:00" level=info command=GetAlbums
time="2021-05-28T16:42:12+03:00" level=info command=UploadPhotoToAlbum
time="2021-05-28T16:42:17+03:00" level=info command=GetAlbums
time="2021-05-28T16:42:19+03:00" level=info command=DeleteAccount
time="2021-05-28T16:42:46+03:00" level=info command=CreateAlbum
time="2021-05-28T16:42:47+03:00" level=info command=GetAlbums
time="2021-05-28T16:42:49+03:00" level=info command=UploadPhotoToAlbum
time="2021-05-28T16:42:53+03:00" level=info command=GetAlbums
time="2021-05-28T16:42:55+03:00" level=info command=DeleteAccount
time="2021-05-28T16:43:15+03:00" level=info command=CreateAlbum
time="2021-05-28T16:43:16+03:00" level=info command=GetAlbums
time="2021-05-28T16:43:18+03:00" level=info command=UploadPhotoToAlbum
time="2021-05-28T16:43:22+03:00" level=info command=GetAlbums
time="2021-05-28T16:43:24+03:00" level=info command=DeleteAccount
time="2021-05-28T16:45:28+03:00" level=info command=CreateAlbum
time="2021-05-28T16:45:29+03:00" level=info command=GetAlbums
time="2021-05-28T16:45:31+03:00" level=info command=UploadPhotoToAlbum
time="2021-05-28T16:45:35+03:00" level=info command=GetAlbums
time="2021-05-28T16:46:03+03:00" level=info command=CreateAlbum
time="2021-05-28T16:46:04+03:00" level=info command=GetAlbums
time="2021-05-28T16:46:07+03:00" level=info command=CreateAlbum
time="2021-05-28T16:46:08+03:00" level=info command=GetAlbums
time="2021-05-28T16:46:10+03:00" level=info command=UploadPhotoToAlbum
time="2021-05-28T16:46:13+03:00" level=info command=GetAlbums
time="2021-05-28T16:47:52+03:00" level=info command=CreateAlbum
time="2021-05-28T16:47:53+03:00" level=info command=GetAlbums
time="2021-05-28T16:47:55+03:00" level=info command=UploadPhotoToAlbum
time="2021-05-28T16:47:58+03:00" level=info command=GetAlbums
time="2021-05-28T16:47:58+03:00" level=info command=DeleteAlbum
time="2021-05-28T16:47:58+03:00" level=info command=DeleteAccount
time="2021-05-28T16:48:53+03:00" level=info command=CreateAlbum
time="2021-05-28T16:48:54+03:00" level=info command=GetAlbums
time="2021-05-28T16:48:56+03:00" level=info command=UploadPhotoToAlbum
time="2021-05-28T16:48:59+03:00" level=info command=GetAlbums
time="2021-05-28T16:48:59+03:00" level=info command=DeleteAlbum
time="2021-05-28T16:48:59+03:00" level=info command=DeleteAccount
time="2021-05-28T16:54:24+03:00" level=info command=CreateAlbum
time="2021-05-28T16:54:25+03:00" level=info command=GetAlbums
time="2021-05-28T16:54:27+03:00" level=info command=UploadPhotoToAlbum
time="2021-05-28T16:54:30+03:00" level=info command=GetAlbums
time="2021-05-28T16:54:30+03:00" level=info command=GetAlbumInfo
time="2021-05-28T16:54:30+03:00" level=info command=DeleteAlbum
time="2021-05-28T16:54:30+03:00" level=info command=DeleteAccount
time="2021-05-28T16:54:43+03:00" level=info command=CreateAlbum
time="2021-05-28T16:54:44+03:00" level=info command=GetAlbums
time="2021-05-28T16:54:46+03:00" level=info command=UploadPhotoToAlbum
time="2021-05-28T16:54:49+03:00" level=info command=GetAlbums
time="2021-05-28T16:54:49+03:00" level=info command=GetAlbumInfo
time="2021-05-28T16:54:49+03:00" level=info command=DeleteAlbum
time="2021-05-28T16:54:49+03:00" level=info command=DeleteAccount
time="2021-05-28T17:47:18+03:00" level=info command=CreateAlbum
time="2021-05-28T17:47:19+03:00" level=info command=GetAlbums
time="2021-05-28T17:47:21+03:00" level=info command=UploadVideoToAlbum
time="2021-05-28T17:47:21+03:00" level=info command=UploadPhotoToAlbum
time="2021-05-28T17:49:56+03:00" level=info command=CreateAlbum
time="2021-05-28T17:49:57+03:00" level=info command=GetAlbums
time="2021-05-28T17:49:59+03:00" level=info command=UploadPhotoToAlbum
time="2021-05-28T17:49:59+03:00" level=info command=UploadVideoToAlbum
time="2021-05-28T17:52:38+03:00" level=info command=CreateAlbum
time="2021-05-28T17:52:39+03:00" level=info command=GetAlbums
time="2021-05-28T17:52:41+03:00" level=info command=UploadPhotoToAlbum
time="2021-05-28T17:52:41+03:00" level=info command=UploadVideoToAlbum
time="2021-05-28T17:55:17+03:00" level=info command=CreateAlbum
time="2021-05-28T17:55:18+03:00" level=info command=GetAlbums
time="2021-05-28T17:55:20+03:00" level=info command=UploadVideoToAlbum
time="2021-05-28T17:55:20+03:00" level=info command=UploadPhotoToAlbum
time="2021-05-28T17:55:53+03:00" level=info command=CreateAlbum
time="2021-05-28T17:55:54+03:00" level=info command=GetAlbums
time="2021-05-28T17:55:56+03:00" level=info command=UploadVideoToAlbum
time="2021-05-28T17:55:56+03:00" level=info command=UploadPhotoToAlbum
time="2021-05-28T17:56:49+03:00" level=info command=CreateAlbum
time="2021-05-28T17:56:50+03:00" level=info command=GetAlbums
time="2021-05-28T17:56:52+03:00" level=info command=UploadVideoToAlbum
time="2021-05-28T17:56:52+03:00" level=info command=UploadPhotoToAlbum
time="2021-05-28T17:56:56+03:00" level=info command=CreateAlbum
time="2021-05-28T17:56:57+03:00" level=info command=GetAlbums
time="2021-05-28T17:56:59+03:00" level=info command=UploadPhotoToAlbum
time="2021-05-28T17:56:59+03:00" level=info command=UploadVideoToAlbum
time="2021-05-28T17:57:56+03:00" level=info command=CreateAlbum
time="2021-05-28T17:57:57+03:00" level=info command=GetAlbums
time="2021-05-28T17:58:00+03:00" level=info command=UploadVideoToAlbum
time="2021-05-28T17:58:00+03:00" level=info command=UploadPhotoToAlbum
time="2021-05-28T17:58:27+03:00" level=info command=CreateAlbum
time="2021-05-28T17:58:28+03:00" level=info command=GetAlbums
time="2021-05-28T17:58:30+03:00" level=info command=UploadPhotoToAlbum
time="2021-05-28T17:58:30+03:00" level=info command=UploadVideoToAlbum
time="2021-05-28T17:58:33+03:00" level=info command=GetPhotosFromAlbum
time="2021-05-28T17:58:33+03:00" level=info command=GetVideosFromAlbum
time="2021-05-28T17:58:42+03:00" level=info command=GetAlbumInfo
time="2021-05-28T17:59:40+03:00" level=info command=CreateAlbum
time="2021-05-28T17:59:41+03:00" level=info command=GetAlbums
time="2021-05-28T17:59:43+03:00" level=info command=UploadPhotoToAlbum
time="2021-05-28T17:59:43+03:00" level=info command=UploadVideoToAlbum
time="2021-05-28T17:59:47+03:00" level=info command=GetPhotosFromAlbum
time="2021-05-28T17:59:47+03:00" level=info command=GetVideosFromAlbum
time="2021-05-28T17:59:47+03:00" level=info command=GetAlbums
time="2021-05-28T17:59:47+03:00" level=info command=GetAlbumInfo
time="2021-05-28T17:59:47+03:00" level=info command=DeleteAlbum
time="2021-05-28T17:59:47+03:00" level=info command=DeleteAccount
time="2021-05-28T18:00:38+03:00" level=info command=CreateAlbum
time="2021-05-28T18:00:39+03:00" level=info command=GetAlbums
time="2021-05-28T18:00:41+03:00" level=info command=UploadVideoToAlbum
time="2021-05-28T18:00:41+03:00" level=info command=UploadPhotoToAlbum
time="2021-05-28T18:00:45+03:00" level=info command=GetPhotosFromAlbum
time="2021-05-28T18:00:45+03:00" level=info command=GetVideosFromAlbum
time="2021-05-28T18:00:45+03:00" level=info command=GetAlbums
time="2021-05-28T18:00:45+03:00" level=info command=GetAlbumInfo
time="2021-05-28T18:00:45+03:00" level=info command=DeleteAlbum
time="2021-05-28T18:00:45+03:00" level=info command=DeleteAccount
time="2021-05-28T18:11:27+03:00" level=info command=CreateAlbum
time="2021-05-28T18:11:28+03:00" level=info command=GetAlbums
time="2021-05-28T18:11:30+03:00" level=info command=UploadVideoToAlbum
time="2021-05-28T18:11:30+03:00" level=info command=UploadPhotoToAlbum
time="2021-05-28T18:11:33+03:00" level=info command=GetPhotosFromAlbum
time="2021-05-28T18:11:33+03:00" level=info command=GetVideosFromAlbum
time="2021-05-28T18:11:33+03:00" level=info command=GetAlbums
time="2021-05-28T18:11:33+03:00" level=info command=GetAlbumInfo
time="2021-05-28T18:11:34+03:00" level=info command=DeleteVideoFromAlbum
time="2021-05-28T18:11:34+03:00" level=info command=DeletePhotoFromAlbum
time="2021-05-28T18:14:50+03:00" level=info command=CreateAlbum
time="2021-05-28T18:14:51+03:00" level=info command=GetAlbums
time="2021-05-28T18:14:53+03:00" level=info command=UploadVideoToAlbum
time="2021-05-28T18:14:53+03:00" level=info command=UploadPhotoToAlbum
time="2021-05-28T18:14:56+03:00" level=info command=GetPhotosFromAlbum
time="2021-05-28T18:14:56+03:00" level=info command=GetVideosFromAlbum
time="2021-05-28T18:14:56+03:00" level=info command=GetAlbums
time="2021-05-28T18:14:56+03:00" level=info command=GetAlbumInfo
time="2021-05-28T18:14:56+03:00" level=info command=DeleteVideoFromAlbum
time="2021-05-28T18:14:56+03:00" level=info command=DeletePhotoFromAlbum
time="2021-05-28T18:15:18+03:00" level=info command=CreateAlbum
time="2021-05-28T18:15:19+03:00" level=info command=GetAlbums
time="2021-05-28T18:15:21+03:00" level=info command=UploadPhotoToAlbum
time="2021-05-28T18:15:21+03:00" level=info command=UploadVideoToAlbum
time="2021-05-28T18:15:24+03:00" level=info command=GetPhotosFromAlbum
time="2021-05-28T18:15:24+03:00" level=info command=GetVideosFromAlbum
time="2021-05-28T18:15:24+03:00" level=info command=GetAlbums
time="2021-05-28T18:15:24+03:00" level=info command=GetAlbumInfo
time="2021-05-28T18:15:24+03:00" level=info command=DeleteVideoFromAlbum
time="2021-05-28T18:15:24+03:00" level=info command=DeletePhotoFromAlbum
time="2021-05-28T18:15:24+03:00" level=info command=DeleteAlbum
time="2021-05-28T18:15:24+03:00" level=info command=DeleteAccount
